<?xml version="1.0" encoding="UTF-8"?>
<!-- Generated by org.testng.reporters.JUnitReportReporter -->
<testsuite hostname="LP-PG02JDJH" failures="0" tests="1" name="com.RestAPI.PutRequest" time="3.200" errors="0" timestamp="2023-07-16T16:25:07 IST" skipped="0">
  <testcase classname="com.RestAPI.PutRequest" name="updateUser" time="3.200"/>
  <system-out/>
</testsuite> <!-- com.RestAPI.PutRequest -->
