<?xml version="1.0" encoding="UTF-8"?>
<!-- Generated by org.testng.reporters.JUnitReportReporter -->
<testsuite hostname="LP-PG02JDJH" failures="0" tests="1" name="com.RestAPI.GetRequest" time="1.880" errors="0" timestamp="2023-07-16T16:15:45 IST" skipped="0">
  <testcase classname="com.RestAPI.GetRequest" name="listUsers" time="1.880"/>
  <system-out/>
</testsuite> <!-- com.RestAPI.GetRequest -->
