<?xml version="1.0" encoding="UTF-8"?>
<!-- Generated by org.testng.reporters.JUnitReportReporter -->
<testsuite hostname="LP-PG02JDJH" failures="0" tests="1" name="com.RestAPI.DeleteRequest" time="2.366" errors="0" timestamp="2023-07-16T16:59:05 IST" skipped="0">
  <testcase classname="com.RestAPI.DeleteRequest" name="deleteUser" time="2.366"/>
  <system-out/>
</testsuite> <!-- com.RestAPI.DeleteRequest -->
