<?xml version="1.0" encoding="UTF-8"?>
<!-- Generated by org.testng.reporters.JUnitReportReporter -->
<testsuite hostname="LP-PG02JDJH" failures="0" tests="2" name="com.RestAPI.PostRequest" time="3.611" errors="0" timestamp="2023-07-14T15:17:25 IST" skipped="0">
  <testcase classname="com.RestAPI.PostRequest" name="CreateUser" time="2.823"/>
  <system-out/>
  <testcase classname="com.RestAPI.PostRequest" name="UpdateUser" time="0.788"/>
  <system-out/>
</testsuite> <!-- com.RestAPI.PostRequest -->
